  main.cpp
C:\Users\User\Documents\GitHub\GameAI\BayesianRule\Harris_Corner_Detection\OpenCV\Include\opencv2\core\mat.hpp(1965,1): warning C4819: 현재 코드 페이지(949)에서 표시할 수 없는 문자가 파일에 들어 있습니다. 데이터가 손실되지 않게 하려면 해당 파일을 유니코드 형식으로 저장하십시오.
C:\Users\User\Documents\GitHub\GameAI\BayesianRule\Harris_Corner_Detection\OpenCV\Include\opencv2\core\persistence.hpp(1,1): warning C4819: 현재 코드 페이지(949)에서 표시할 수 없는 문자가 파일에 들어 있습니다. 데이터가 손실되지 않게 하려면 해당 파일을 유니코드 형식으로 저장하십시오.
C:\Users\User\Documents\GitHub\GameAI\BayesianRule\Harris_Corner_Detection\OpenCV\Include\opencv2\core\utility.hpp(1,1): warning C4819: 현재 코드 페이지(949)에서 표시할 수 없는 문자가 파일에 들어 있습니다. 데이터가 손실되지 않게 하려면 해당 파일을 유니코드 형식으로 저장하십시오.
C:\Users\User\Documents\GitHub\GameAI\BayesianRule\Harris_Corner_Detection\vector.h(56,11): warning C4244: '초기화 중': 'double'에서 'float'(으)로 변환하면서 데이터가 손실될 수 있습니다.
C:\Users\User\Documents\GitHub\GameAI\BayesianRule\Harris_Corner_Detection\vector.h(71,11): warning C4244: '초기화 중': 'double'에서 'float'(으)로 변환하면서 데이터가 손실될 수 있습니다.
C:\Users\User\Documents\GitHub\GameAI\BayesianRule\Harris_Corner_Detection\main.cpp(41,12): warning C4244: '인수': 'time_t'에서 'unsigned int'(으)로 변환하면서 데이터가 손실될 수 있습니다.
C:\Users\User\Documents\GitHub\GameAI\BayesianRule\Harris_Corner_Detection\main.cpp(113,35): warning C4244: '=': 'float'에서 '_Tp'(으)로 변환하면서 데이터가 손실될 수 있습니다.
          with
          [
              _Tp=uchar
          ]
C:\Users\User\Documents\GitHub\GameAI\BayesianRule\Harris_Corner_Detection\main.cpp(114,35): warning C4244: '=': 'float'에서 '_Tp'(으)로 변환하면서 데이터가 손실될 수 있습니다.
          with
          [
              _Tp=uchar
          ]
C:\Users\User\Documents\GitHub\GameAI\BayesianRule\Harris_Corner_Detection\main.cpp(115,35): warning C4244: '=': 'float'에서 '_Tp'(으)로 변환하면서 데이터가 손실될 수 있습니다.
          with
          [
              _Tp=uchar
          ]
  Harris_Corner_Detection.vcxproj -> C:\Users\User\Documents\GitHub\GameAI\BayesianRule\Debug\Harris_Corner_Detection.exe
