  main.cpp
C:\Users\User\Documents\GitHub\GameAI\Simple_Canny\RBE\OpenCV\Include\opencv2\core\mat.hpp(1965,1): warning C4819: 현재 코드 페이지(949)에서 표시할 수 없는 문자가 파일에 들어 있습니다. 데이터가 손실되지 않게 하려면 해당 파일을 유니코드 형식으로 저장하십시오.
C:\Users\User\Documents\GitHub\GameAI\Simple_Canny\RBE\OpenCV\Include\opencv2\core\persistence.hpp(1,1): warning C4819: 현재 코드 페이지(949)에서 표시할 수 없는 문자가 파일에 들어 있습니다. 데이터가 손실되지 않게 하려면 해당 파일을 유니코드 형식으로 저장하십시오.
C:\Users\User\Documents\GitHub\GameAI\Simple_Canny\RBE\OpenCV\Include\opencv2\core\utility.hpp(1,1): warning C4819: 현재 코드 페이지(949)에서 표시할 수 없는 문자가 파일에 들어 있습니다. 데이터가 손실되지 않게 하려면 해당 파일을 유니코드 형식으로 저장하십시오.
C:\Users\User\Documents\GitHub\GameAI\Simple_Canny\RBE\main.cpp(11,12): warning C4244: '초기화 중': 'int'에서 'float'(으)로 변환하면서 데이터가 손실될 수 있습니다.
C:\Users\User\Documents\GitHub\GameAI\Simple_Canny\RBE\main.cpp(13,29): warning C4244: '=': 'float'에서 '_Tp'(으)로 변환하면서 데이터가 손실될 수 있습니다.
          with
          [
              _Tp=uchar
          ]
C:\Users\User\Documents\GitHub\GameAI\Simple_Canny\RBE\main.cpp(14,29): warning C4244: '=': 'float'에서 '_Tp'(으)로 변환하면서 데이터가 손실될 수 있습니다.
          with
          [
              _Tp=uchar
          ]
C:\Users\User\Documents\GitHub\GameAI\Simple_Canny\RBE\main.cpp(15,29): warning C4244: '=': 'float'에서 '_Tp'(으)로 변환하면서 데이터가 손실될 수 있습니다.
          with
          [
              _Tp=uchar
          ]
C:\Users\User\Documents\GitHub\GameAI\Simple_Canny\RBE\main.cpp(27,29): warning C4244: '=': 'float'에서 '_Tp'(으)로 변환하면서 데이터가 손실될 수 있습니다.
          with
          [
              _Tp=uchar
          ]
C:\Users\User\Documents\GitHub\GameAI\Simple_Canny\RBE\main.cpp(28,29): warning C4244: '=': 'float'에서 '_Tp'(으)로 변환하면서 데이터가 손실될 수 있습니다.
          with
          [
              _Tp=uchar
          ]
C:\Users\User\Documents\GitHub\GameAI\Simple_Canny\RBE\main.cpp(29,29): warning C4244: '=': 'float'에서 '_Tp'(으)로 변환하면서 데이터가 손실될 수 있습니다.
          with
          [
              _Tp=uchar
          ]
C:\Users\User\Documents\GitHub\GameAI\Simple_Canny\RBE\main.cpp(57,14): warning C4244: '초기화 중': 'int'에서 'float'(으)로 변환하면서 데이터가 손실될 수 있습니다.
C:\Users\User\Documents\GitHub\GameAI\Simple_Canny\RBE\main.cpp(64,15): warning C4244: '초기화 중': 'int'에서 'float'(으)로 변환하면서 데이터가 손실될 수 있습니다.
C:\Users\User\Documents\GitHub\GameAI\Simple_Canny\RBE\main.cpp(95,8): warning C4244: '초기화 중': 'float'에서 'int'(으)로 변환하면서 데이터가 손실될 수 있습니다.
C:\Users\User\Documents\GitHub\GameAI\Simple_Canny\RBE\main.cpp(117,30): warning C4244: '=': 'float'에서 '_Tp'(으)로 변환하면서 데이터가 손실될 수 있습니다.
          with
          [
              _Tp=uchar
          ]
C:\Users\User\Documents\GitHub\GameAI\Simple_Canny\RBE\main.cpp(118,30): warning C4244: '=': 'float'에서 '_Tp'(으)로 변환하면서 데이터가 손실될 수 있습니다.
          with
          [
              _Tp=uchar
          ]
C:\Users\User\Documents\GitHub\GameAI\Simple_Canny\RBE\main.cpp(119,30): warning C4244: '=': 'float'에서 '_Tp'(으)로 변환하면서 데이터가 손실될 수 있습니다.
          with
          [
              _Tp=uchar
          ]
C:\Users\User\Documents\GitHub\GameAI\Simple_Canny\RBE\main.cpp(128,8): warning C4244: '초기화 중': 'float'에서 'int'(으)로 변환하면서 데이터가 손실될 수 있습니다.
C:\Users\User\Documents\GitHub\GameAI\Simple_Canny\RBE\main.cpp(157,34): warning C4244: '=': 'float'에서 '_Tp'(으)로 변환하면서 데이터가 손실될 수 있습니다.
          with
          [
              _Tp=uchar
          ]
C:\Users\User\Documents\GitHub\GameAI\Simple_Canny\RBE\main.cpp(158,34): warning C4244: '=': 'float'에서 '_Tp'(으)로 변환하면서 데이터가 손실될 수 있습니다.
          with
          [
              _Tp=uchar
          ]
C:\Users\User\Documents\GitHub\GameAI\Simple_Canny\RBE\main.cpp(159,34): warning C4244: '=': 'float'에서 '_Tp'(으)로 변환하면서 데이터가 손실될 수 있습니다.
          with
          [
              _Tp=uchar
          ]
  RBE.vcxproj -> C:\Users\User\Documents\GitHub\GameAI\Simple_Canny\Debug\RBE.exe
