  main.cpp
C:\Users\User\Downloads\Particle1\Particle\OpenCV\Include\opencv2\core\mat.hpp(1965,1): warning C4819: 현재 코드 페이지(949)에서 표시할 수 없는 문자가 파일에 들어 있습니다. 데이터가 손실되지 않게 하려면 해당 파일을 유니코드 형식으로 저장하십시오.
C:\Users\User\Downloads\Particle1\Particle\OpenCV\Include\opencv2\core\persistence.hpp(1,1): warning C4819: 현재 코드 페이지(949)에서 표시할 수 없는 문자가 파일에 들어 있습니다. 데이터가 손실되지 않게 하려면 해당 파일을 유니코드 형식으로 저장하십시오.
C:\Users\User\Downloads\Particle1\Particle\OpenCV\Include\opencv2\core\utility.hpp(1,1): warning C4819: 현재 코드 페이지(949)에서 표시할 수 없는 문자가 파일에 들어 있습니다. 데이터가 손실되지 않게 하려면 해당 파일을 유니코드 형식으로 저장하십시오.
C:\Users\User\Downloads\Particle1\Particle\vector.h(56,11): warning C4244: '초기화 중': 'double'에서 'float'(으)로 변환하면서 데이터가 손실될 수 있습니다.
C:\Users\User\Downloads\Particle1\Particle\vector.h(71,11): warning C4244: '초기화 중': 'double'에서 'float'(으)로 변환하면서 데이터가 손실될 수 있습니다.
C:\Users\User\Downloads\Particle1\Particle\main.cpp(25,11): warning C4244: '초기화 중': 'double'에서 'float'(으)로 변환하면서 데이터가 손실될 수 있습니다.
C:\Users\User\Downloads\Particle1\Particle\main.cpp(27,24): warning C4244: '=': 'int'에서 'float'(으)로 변환하면서 데이터가 손실될 수 있습니다.
C:\Users\User\Downloads\Particle1\Particle\main.cpp(45,25): warning C4244: '인수': 'int'에서 'float'(으)로 변환하면서 데이터가 손실될 수 있습니다.
C:\Users\User\Downloads\Particle1\Particle\main.cpp(45,22): warning C4244: '인수': 'int'에서 'float'(으)로 변환하면서 데이터가 손실될 수 있습니다.
main.obj : error LNK2019: "void __cdecl cv::fastFree(void *)" (?fastFree@cv@@YAXPEAX@Z)"public: __cdecl cv::Mat::~Mat(void)" (??1Mat@cv@@QEAA@XZ) 함수에서 참조되는 확인할 수 없는 외부 기호
main.obj : error LNK2019: "private: char * __cdecl cv::String::allocate(unsigned __int64)" (?allocate@String@cv@@AEAAPEAD_K@Z)"public: __cdecl cv::String::String(char const *)" (??0String@cv@@QEAA@PEBD@Z) 함수에서 참조되는 확인할 수 없는 외부 기호
main.obj : error LNK2019: "private: void __cdecl cv::String::deallocate(void)" (?deallocate@String@cv@@AEAAXXZ)"public: __cdecl cv::String::~String(void)" (??1String@cv@@QEAA@XZ) 함수에서 참조되는 확인할 수 없는 외부 기호
main.obj : error LNK2019: "void __cdecl cv::error(int,class cv::String const &,char const *,char const *,int)" (?error@cv@@YAXHAEBVString@1@PEBD1H@Z)"public: class cv::Vec<unsigned char,3> & __cdecl cv::Mat::at<class cv::Vec<unsigned char,3> >(int,int)" (??$at@V?$Vec@E$02@cv@@@Mat@cv@@QEAAAEAV?$Vec@E$02@1@HH@Z) 함수에서 참조되는 확인할 수 없는 외부 기호
main.obj : error LNK2019: "public: void __cdecl cv::Mat::copyTo(class cv::_OutputArray const &)const " (?copyTo@Mat@cv@@QEBAXAEBV_OutputArray@2@@Z)"public: class cv::Mat __cdecl cv::Mat::clone(void)const " (?clone@Mat@cv@@QEBA?AV12@XZ) 함수에서 참조되는 확인할 수 없는 외부 기호
main.obj : error LNK2019: "public: void __cdecl cv::Mat::deallocate(void)" (?deallocate@Mat@cv@@QEAAXXZ)"public: void __cdecl cv::Mat::release(void)" (?release@Mat@cv@@QEAAXXZ) 함수에서 참조되는 확인할 수 없는 외부 기호
main.obj : error LNK2019: cvWaitKeymain 함수에서 참조되는 확인할 수 없는 외부 기호
main.obj : error LNK2019: "class cv::Mat __cdecl cv::imread(class cv::String const &,int)" (?imread@cv@@YA?AVMat@1@AEBVString@1@H@Z)main 함수에서 참조되는 확인할 수 없는 외부 기호
main.obj : error LNK2019: "void __cdecl cv::imshow(class cv::String const &,class cv::_InputArray const &)" (?imshow@cv@@YAXAEBVString@1@AEBV_InputArray@1@@Z)main 함수에서 참조되는 확인할 수 없는 외부 기호
OpenCV\Lib\opencv_world300d.lib : warning LNK4272: 'x86' 라이브러리 컴퓨터 종류가 'x64' 대상 컴퓨터 종류와 충돌합니다.
OpenCV\Lib\opencv_ts300d.lib : warning LNK4272: 'x86' 라이브러리 컴퓨터 종류가 'x64' 대상 컴퓨터 종류와 충돌합니다.
C:\Users\User\Downloads\Particle1\x64\Debug\Particle.exe : fatal error LNK1120: 9개의 확인할 수 없는 외부 참조입니다.
