  main.cpp
C:\Users\User\Downloads\SBS_NN\C++32bit\OpenCV\Include\opencv2\core\mat.hpp(1965,1): warning C4819: 현재 코드 페이지(949)에서 표시할 수 없는 문자가 파일에 들어 있습니다. 데이터가 손실되지 않게 하려면 해당 파일을 유니코드 형식으로 저장하십시오.
C:\Users\User\Downloads\SBS_NN\C++32bit\OpenCV\Include\opencv2\core\persistence.hpp(1,1): warning C4819: 현재 코드 페이지(949)에서 표시할 수 없는 문자가 파일에 들어 있습니다. 데이터가 손실되지 않게 하려면 해당 파일을 유니코드 형식으로 저장하십시오.
C:\Users\User\Downloads\SBS_NN\C++32bit\OpenCV\Include\opencv2\core\utility.hpp(1,1): warning C4819: 현재 코드 페이지(949)에서 표시할 수 없는 문자가 파일에 들어 있습니다. 데이터가 손실되지 않게 하려면 해당 파일을 유니코드 형식으로 저장하십시오.
C:\Users\User\Downloads\SBS_NN\C++32bit\SBS_NN.h(31,26): warning C4305: '초기화 중': '__int64'에서 'float'(으)로 잘립니다.
C:\Users\User\Downloads\SBS_NN\C++32bit\SBS_NN.h(316,21): warning C4018: '<': signed 또는 unsigned가 일치하지 않습니다.
C:\Users\User\Downloads\SBS_NN\C++32bit\SBS_NN.h(333,21): warning C4018: '<': signed 또는 unsigned가 일치하지 않습니다.
C:\Users\User\Downloads\SBS_NN\C++32bit\SBS_NN.h(352,21): warning C4018: '<': signed 또는 unsigned가 일치하지 않습니다.
C:\Users\User\Downloads\SBS_NN\C++32bit\SBS_NN.h(359,21): warning C4018: '<': signed 또는 unsigned가 일치하지 않습니다.
C:\Users\User\Downloads\SBS_NN\C++32bit\SBS_NN.h(371,21): warning C4018: '<': signed 또는 unsigned가 일치하지 않습니다.
C:\Users\User\Downloads\SBS_NN\C++32bit\SBS_NN.h(401,21): warning C4018: '<': signed 또는 unsigned가 일치하지 않습니다.
C:\Users\User\Downloads\SBS_NN\C++32bit\main.cpp(29,46): warning C4244: '=': 'double'에서 'float'(으)로 변환하면서 데이터가 손실될 수 있습니다.
C:\Users\User\Downloads\SBS_NN\C++32bit\main.cpp(30,46): warning C4244: '=': 'double'에서 'float'(으)로 변환하면서 데이터가 손실될 수 있습니다.
C:\Users\User\Downloads\SBS_NN\C++32bit\main.cpp(39,12): warning C4244: '초기화 중': 'double'에서 'float'(으)로 변환하면서 데이터가 손실될 수 있습니다.
C:\Users\User\Downloads\SBS_NN\C++32bit\main.cpp(54,11): warning C4244: '초기화 중': 'double'에서 'float'(으)로 변환하면서 데이터가 손실될 수 있습니다.
C:\Users\User\Downloads\SBS_NN\C++32bit\main.cpp(55,12): warning C4244: '초기화 중': 'double'에서 'float'(으)로 변환하면서 데이터가 손실될 수 있습니다.
C:\Users\User\Downloads\SBS_NN\C++32bit\main.cpp(56,49): warning C4244: '인수': 'float'에서 '_Tp'(으)로 변환하면서 데이터가 손실될 수 있습니다.
          with
          [
              _Tp=int
          ]
C:\Users\User\Downloads\SBS_NN\C++32bit\main.cpp(56,32): warning C4244: '인수': 'float'에서 '_Tp'(으)로 변환하면서 데이터가 손실될 수 있습니다.
          with
          [
              _Tp=int
          ]
C:\Users\User\Downloads\SBS_NN\C++32bit\main.cpp(56,98): warning C4244: '인수': 'float'에서 '_Tp'(으)로 변환하면서 데이터가 손실될 수 있습니다.
          with
          [
              _Tp=int
          ]
C:\Users\User\Downloads\SBS_NN\C++32bit\main.cpp(56,80): warning C4244: '인수': 'float'에서 '_Tp'(으)로 변환하면서 데이터가 손실될 수 있습니다.
          with
          [
              _Tp=int
          ]
C:\Users\User\Downloads\SBS_NN\C++32bit\main.cpp(104,21): warning C4244: '+=': 'double'에서 'float'(으)로 변환하면서 데이터가 손실될 수 있습니다.
C:\Users\User\Downloads\SBS_NN\C++32bit\main.cpp(110,57): warning C4244: '인수': 'float'에서 '_Tp'(으)로 변환하면서 데이터가 손실될 수 있습니다.
          with
          [
              _Tp=int
          ]
C:\Users\User\Downloads\SBS_NN\C++32bit\main.cpp(110,37): warning C4244: '인수': 'float'에서 '_Tp'(으)로 변환하면서 데이터가 손실될 수 있습니다.
          with
          [
              _Tp=int
          ]
C:\Users\User\Downloads\SBS_NN\C++32bit\main.cpp(112,57): warning C4244: '인수': 'float'에서 '_Tp'(으)로 변환하면서 데이터가 손실될 수 있습니다.
          with
          [
              _Tp=int
          ]
C:\Users\User\Downloads\SBS_NN\C++32bit\main.cpp(112,37): warning C4244: '인수': 'float'에서 '_Tp'(으)로 변환하면서 데이터가 손실될 수 있습니다.
          with
          [
              _Tp=int
          ]
  C++32bit.vcxproj -> C:\Users\User\Downloads\SBS_NN\Debug\C++32bit.exe
